14/04 15:30:06  INFO com.intellij.internal.statistic.uploader - Process started with '--ide-token /Users/liuhaiyun/Desktop/AIChatPlugin/build/idea-sandbox/PC-2024.1/system/token --recorders FUS;MP --device-fus 1206242defc31c7-1af7-4f9b-bb65-45945161a242 --bucket-fus 54 --machine-fus 420ef1eaac2aa082b8157cb1c366017c6adfbb434f2881ac4b3f7c2ac9c6a6d8 --id-revision-fus 0 --files-fus /Users/liuhaiyun/Desktop/AIChatPlugin/build/idea-sandbox/PC-2024.1/system/event-log-data/logs/FUS/db7c-4d7c-854f-431193c70612-241.14494.241-release.log --escape-fus true --device-mp 12062429aabad59-8deb-446d-a250-b6a09983ba0d --bucket-mp 221 --machine-mp f77598412501a867e19a26c859f4fbb419e0fd46e8d882cbb8612e654ac284ca --id-revision-mp 0 --files-mp /Users/liuhaiyun/Desktop/AIChatPlugin/build/idea-sandbox/PC-2024.1/system/event-log-data/logs/MP/2aaa-441b-861c-c72930efc7ca-241.14494.241-release.log --escape-mp true --url https://resources.jetbrains.com/storage/fus/config/v4/%s/%s.json --product PC --product-version 2024.1 --baseline-version 241 --user-agent PyCharm/241.14494.241 --extra-headers '
14/04 15:30:06  INFO com.intellij.internal.statistic.uploader - Classpath:/Users/liuhaiyun/.gradle/caches/9.2.1/transforms/5e460e4a8b53d653d356ce22ebd9f343/transformed/pycharm-community-2024.1-aarch64/lib/util-8.jar:/Users/liuhaiyun/.gradle/caches/9.2.1/transforms/5e460e4a8b53d653d356ce22ebd9f343/transformed/pycharm-community-2024.1-aarch64/lib/annotations.jar:/Users/liuhaiyun/.gradle/caches/9.2.1/transforms/5e460e4a8b53d653d356ce22ebd9f343/transformed/pycharm-community-2024.1-aarch64/lib/lib-client.jar:/Users/liuhaiyun/.gradle/caches/9.2.1/transforms/5e460e4a8b53d653d356ce22ebd9f343/transformed/pycharm-community-2024.1-aarch64/lib/stats.jar
14/04 15:30:06  INFO com.intellij.internal.statistic.uploader.events - 1776151806914 STARTED ALL
14/04 15:30:06  INFO com.intellij.internal.statistic.uploader - IDE token file: /Users/liuhaiyun/Desktop/AIChatPlugin/build/idea-sandbox/PC-2024.1/system/token
14/04 15:30:06  INFO com.intellij.internal.statistic.uploader - [FUS] Start uploading...
14/04 15:30:06  INFO com.intellij.internal.statistic.uploader - [MP] Start uploading...
14/04 15:30:06  INFO com.intellij.internal.statistic.uploader - [MP] {product:PC, productVersion:2024.1, userAgent:PyCharm/241.14494.241(External), url: https://resources.jetbrains.com/storage/fus/config/v4/%s/%s.json, internal:false, isTestConfig:false, isTestSendEndpoint:false}
14/04 15:30:06  INFO com.intellij.internal.statistic.uploader - [FUS] {product:PC, productVersion:2024.1, userAgent:PyCharm/241.14494.241(External), url: https://resources.jetbrains.com/storage/fus/config/v4/%s/%s.json, internal:false, isTestConfig:false, isTestSendEndpoint:false}
14/04 15:30:06  INFO com.intellij.internal.statistic.uploader - [MP] {recorder:MP, files:/Users/liuhaiyun/Desktop/AIChatPlugin/build/idea-sandbox/PC-2024.1/system/event-log-data/logs/MP/2aaa-441b-861c-c72930efc7ca-241.14494.241-release.log}
14/04 15:30:06  INFO com.intellij.internal.statistic.uploader - [FUS] {recorder:FUS, files:/Users/liuhaiyun/Desktop/AIChatPlugin/build/idea-sandbox/PC-2024.1/system/event-log-data/logs/FUS/db7c-4d7c-854f-431193c70612-241.14494.241-release.log}
14/04 15:30:06  INFO com.intellij.internal.statistic.uploader - [FUS] {device:1206242defc31c7-1af7-4f9b-bb65-45945161a242, bucket:54}
14/04 15:30:06  INFO com.intellij.internal.statistic.uploader - [MP] {device:12062429aabad59-8deb-446d-a250-b6a09983ba0d, bucket:221}
14/04 15:30:08 FINER com.intellij.internal.statistic.uploader - 2aaa-441b-861c-c72930efc7ca-241.14494.241-release.log-> Cannot upload event log, record list is empty
14/04 15:30:08 FINER com.intellij.internal.statistic.uploader - Removed sent log: 2aaa-441b-861c-c72930efc7ca-241.14494.241-release.log
14/04 15:30:08  INFO com.intellij.internal.statistic.uploader.events - 1776151808864 SEND MP 0 1 1 [] [5]
14/04 15:30:08  INFO com.intellij.internal.statistic.uploader.events - 1776151808870 FINISHED MP SENT_WITH_ERRORS
14/04 15:30:08 FINER com.intellij.internal.statistic.uploader - [MP] Uploading finished with SENT_WITH_ERRORS
14/04 15:30:08 FINER com.intellij.internal.statistic.uploader - [MP] Uploaded 0 out of 1 files.
14/04 15:30:11 FINER com.intellij.internal.statistic.uploader - db7c-4d7c-854f-431193c70612-241.14494.241-release.log -> ""
14/04 15:30:11 FINER com.intellij.internal.statistic.uploader - Removed sent log: db7c-4d7c-854f-431193c70612-241.14494.241-release.log
14/04 15:30:11  INFO com.intellij.internal.statistic.uploader.events - 1776151811802 SEND FUS 1 0 1 [L1VzZXJzL2xpdWhhaXl1bi9EZXNrdG9wL0FJQ2hhdFBsdWdpbi9idWlsZC9pZGVhLXNhbmRib3gvUEMtMjAyNC4xL3N5c3RlbS9ldmVudC1sb2ctZGF0YS9sb2dzL0ZVUy9kYjdjLTRkN2MtODU0Zi00MzExOTNjNzA2MTItMjQxLjE0NDk0LjI0MS1yZWxlYXNlLmxvZw==] []
14/04 15:30:11  INFO com.intellij.internal.statistic.uploader.events - 1776151811804 FINISHED FUS
14/04 15:30:11 FINER com.intellij.internal.statistic.uploader - [FUS] Uploading finished with SEND
14/04 15:30:11 FINER com.intellij.internal.statistic.uploader - [FUS] Uploaded 1 files.
